<?xml version="1.0" encoding="UTF-8"?>
<!-- Generated by org.testng.reporters.JUnitXMLReporter -->
<testsuite ignored="0" hostname="OJAS00144" failures="1" tests="3" name="Test" time="0.048" errors="0" timestamp="2021-06-23T18:04:04 IST">
  <testcase classname="Testing.Automation.Classone" name="Test7" time="0.007"/>
  <testcase classname="Testing.Automation.Classone" name="Test8" time="0.003">
    <failure type="java.lang.AssertionError" message="expected [true] but found [false]">
      <![CDATA[java.lang.AssertionError: expected [true] but found [false]
at Testing.Automation.Classone.Test8(Classone.java:23)
at java.base/java.util.ArrayList.forEach(ArrayList.java:1511)
... Removed 31 stack frames]]>
    </failure>
  </testcase> <!-- Test8 -->
  <testcase classname="Testing.Automation.Classone" name="Test9" time="0.001">
    <skipped/>
  </testcase> <!-- Test9 -->
</testsuite> <!-- Test -->
